build/app/intermediates/manifest_merge_blame_file/debug/manifest-merger-blame-debug-report.txt
1<?xml version="1.0" encoding="utf-8"?>
2<manifest xmlns:android="http://schemas.android.com/apk/res/android"
3    package="com.pds.app"
4    android:versionCode="8"
5    android:versionName="1.0.0" >
6
7    <uses-sdk
8        android:minSdkVersion="20"
9        android:targetSdkVersion="33" />
10    <!--
11         The INTERNET permission is required for development. Specifically,
12         the Flutter tool needs it to communicate with the running application
13         to allow setting breakpoints, to provide hot reload, etc.
14    -->
15    <uses-permission android:name="android.permission.INTERNET" />
15-->src/main/AndroidManifest.xml:2:9-70
15-->src/main/AndroidManifest.xml:2:26-68
16    <uses-permission android:name="android.permission.READ_EXTERNAL_STORAGE" />
16-->src/main/AndroidManifest.xml:3:9-84
16-->src/main/AndroidManifest.xml:3:26-81
17    <uses-permission android:name="android.permission.WRITE_EXTERNAL_STORAGE" />
17-->src/main/AndroidManifest.xml:4:9-85
17-->src/main/AndroidManifest.xml:4:26-82
18    <uses-permission android:name="android.permission.CAMERA" />
18-->src/main/AndroidManifest.xml:5:9-69
18-->src/main/AndroidManifest.xml:5:26-66
19    <uses-permission android:name="android.permission.READ_MEDIA_IMAGES" />
19-->src/main/AndroidManifest.xml:6:9-80
19-->src/main/AndroidManifest.xml:6:26-77
20    <uses-permission android:name="android.permission.READ_MEDIA_VIDEO" />
20-->src/main/AndroidManifest.xml:7:9-79
20-->src/main/AndroidManifest.xml:7:26-76
21    <uses-permission android:name="android.permission.WAKE_LOCK" />
21-->[:firebase_messaging] AndroidManifest.xml:10:5-68
21-->[:firebase_messaging] AndroidManifest.xml:10:22-65
22    <uses-permission android:name="android.permission.ACCESS_NETWORK_STATE" /> <!-- Permissions options for the `notification` group -->
22-->[:firebase_messaging] AndroidManifest.xml:11:5-79
22-->[:firebase_messaging] AndroidManifest.xml:11:22-76
23    <uses-permission android:name="android.permission.POST_NOTIFICATIONS" />
23-->[:firebase_messaging] AndroidManifest.xml:13:5-77
23-->[:firebase_messaging] AndroidManifest.xml:13:22-74
24
25    <queries>
25-->[:file_picker] AndroidManifest.xml:11:5-17:15
26        <intent>
26-->[:file_picker] AndroidManifest.xml:12:9-16:18
27            <action android:name="android.intent.action.GET_CONTENT" />
27-->[:file_picker] AndroidManifest.xml:13:13-72
27-->[:file_picker] AndroidManifest.xml:13:21-69
28
29            <data android:mimeType="*/*" />
29-->[:file_picker] AndroidManifest.xml:15:13-44
29-->[:file_picker] AndroidManifest.xml:15:19-41
30        </intent>
31        <intent>
31-->[:flutter_downloader] AndroidManifest.xml:11:9-13:18
32            <action android:name="android.intent.action.VIEW" />
32-->[:flutter_downloader] AndroidManifest.xml:12:13-65
32-->[:flutter_downloader] AndroidManifest.xml:12:21-62
33        </intent>
34    </queries>
35
36    <uses-permission android:name="android.permission.READ_MEDIA_AUDIO" /> <!-- Required by older versions of Google Play services to create IID tokens -->
36-->[:photo_manager] AndroidManifest.xml:12:5-75
36-->[:photo_manager] AndroidManifest.xml:12:22-72
37    <uses-permission android:name="com.google.android.c2dm.permission.RECEIVE" />
37-->[com.google.firebase:firebase-iid:21.1.0] AndroidManifest.xml:26:5-82
37-->[com.google.firebase:firebase-iid:21.1.0] AndroidManifest.xml:26:22-79
38    <uses-permission android:name="com.google.android.gms.permission.AD_ID" />
38-->[com.google.android.gms:play-services-measurement-api:21.3.0] AndroidManifest.xml:25:5-79
38-->[com.google.android.gms:play-services-measurement-api:21.3.0] AndroidManifest.xml:25:22-76
39    <uses-permission android:name="com.google.android.finsky.permission.BIND_GET_INSTALL_REFERRER_SERVICE" />
39-->[com.google.android.gms:play-services-measurement:21.3.0] AndroidManifest.xml:26:5-110
39-->[com.google.android.gms:play-services-measurement:21.3.0] AndroidManifest.xml:26:22-107
40    <uses-permission android:name="android.permission.RECEIVE_BOOT_COMPLETED" />
40-->[androidx.work:work-runtime:2.7.1] AndroidManifest.xml:27:5-81
40-->[androidx.work:work-runtime:2.7.1] AndroidManifest.xml:27:22-78
41    <uses-permission android:name="android.permission.FOREGROUND_SERVICE" />
41-->[androidx.work:work-runtime:2.7.1] AndroidManifest.xml:28:5-77
41-->[androidx.work:work-runtime:2.7.1] AndroidManifest.xml:28:22-74
42
43    <permission
43-->[androidx.core:core:1.10.1] AndroidManifest.xml:22:5-24:47
44        android:name="com.pds.app.DYNAMIC_RECEIVER_NOT_EXPORTED_PERMISSION"
44-->[androidx.core:core:1.10.1] AndroidManifest.xml:23:9-81
45        android:protectionLevel="signature" />
45-->[androidx.core:core:1.10.1] AndroidManifest.xml:24:9-44
46
47    <uses-permission android:name="com.pds.app.DYNAMIC_RECEIVER_NOT_EXPORTED_PERMISSION" /> <!-- <uses-permission android:name="android.permission.READ_MEDIA_AUDIO" /> -->
47-->[androidx.core:core:1.10.1] AndroidManifest.xml:26:5-97
47-->[androidx.core:core:1.10.1] AndroidManifest.xml:26:22-94
48    <application
49        android:name="android.app.Application"
50        android:appComponentFactory="androidx.core.app.CoreComponentFactory"
50-->[androidx.core:core:1.10.1] AndroidManifest.xml:28:18-86
51        android:debuggable="true"
52        android:icon="@mipmap/ic_launcher"
53        android:label="PDS"
54        android:testOnly="true"
55        android:usesCleartextTraffic="true" >
56        <activity
57            android:name="com.pds.app.MainActivity"
58            android:configChanges="orientation|keyboardHidden|keyboard|screenSize|smallestScreenSize|locale|layoutDirection|fontScale|screenLayout|density|uiMode"
59            android:exported="true"
60            android:hardwareAccelerated="true"
61            android:launchMode="singleTop"
62            android:theme="@style/LaunchTheme"
63            android:windowSoftInputMode="adjustResize" >
64
65            <!--
66                 Specifies an Android theme to apply to this Activity as soon as
67                 the Android process has started. This theme is visible to the user
68                 while the Flutter UI initializes. After that, this theme continues
69                 to determine the Window background behind the Flutter UI.
70            -->
71            <meta-data
72                android:name="io.flutter.embedding.android.NormalTheme"
73                android:resource="@style/NormalTheme" />
74            <meta-data
75                android:name="firebase_messaging_auto_init_enabled"
76                android:value="false" />
77
78            <intent-filter>
79                <action android:name="android.intent.action.MAIN" />
80
81                <category android:name="android.intent.category.LAUNCHER" />
82            </intent-filter>
83            <intent-filter>
84                <action android:name="android.intent.action.SENDTO" />
85
86                <data android:scheme="mailto" />
86-->[:file_picker] AndroidManifest.xml:15:13-44
87
88                <category android:name="android.intent.category.DEFAULT" />
89                <category android:name="android.intent.category.BROWSABLE" />
90            </intent-filter>
91            <intent-filter>
91-->[:firebase_messaging] AndroidManifest.xml:23:13-25:29
92                <action android:name="com.google.firebase.MESSAGING_EVENT" />
92-->[:firebase_messaging] AndroidManifest.xml:24:17-78
92-->[:firebase_messaging] AndroidManifest.xml:24:25-75
93            </intent-filter>
94        </activity>
95        <activity
96            android:name="com.yalantis.ucrop.UCropActivity"
97            android:screenOrientation="portrait"
98            android:theme="@style/Theme.AppCompat.Light.NoActionBar" />
99
100        <!--
101<service
102    android:name=".java.MyFirebaseMessagingService"
103    android:exported="false">
104    <intent-filter>
105        <action android:name="com.google.firebase.MESSAGING_EVENT" />
106    </intent-filter>
107</service>
108        -->
109        <!--
110             Don't delete the meta-data below.
111             This is used by the Flutter tool to generate GeneratedPluginRegistrant.java
112        -->
113        <meta-data
114            android:name="flutterEmbedding"
115            android:value="2" />
116
117        <service
117-->[:firebase_messaging] AndroidManifest.xml:16:9-19:72
118            android:name="io.flutter.plugins.firebase.messaging.FlutterFirebaseMessagingBackgroundService"
118-->[:firebase_messaging] AndroidManifest.xml:17:13-107
119            android:exported="false"
119-->[:firebase_messaging] AndroidManifest.xml:18:13-37
120            android:permission="android.permission.BIND_JOB_SERVICE" />
120-->[:firebase_messaging] AndroidManifest.xml:19:13-69
121        <service
121-->[:firebase_messaging] AndroidManifest.xml:20:9-26:19
122            android:name="io.flutter.plugins.firebase.messaging.FlutterFirebaseMessagingService"
122-->[:firebase_messaging] AndroidManifest.xml:21:13-97
123            android:exported="false" >
123-->[:firebase_messaging] AndroidManifest.xml:22:13-37
124            <intent-filter>
124-->[:firebase_messaging] AndroidManifest.xml:23:13-25:29
125                <action android:name="com.google.firebase.MESSAGING_EVENT" />
125-->[:firebase_messaging] AndroidManifest.xml:24:17-78
125-->[:firebase_messaging] AndroidManifest.xml:24:25-75
126            </intent-filter>
127        </service>
128
129        <receiver
129-->[:firebase_messaging] AndroidManifest.xml:28:9-35:20
130            android:name="io.flutter.plugins.firebase.messaging.FlutterFirebaseMessagingReceiver"
130-->[:firebase_messaging] AndroidManifest.xml:29:13-98
131            android:exported="true"
131-->[:firebase_messaging] AndroidManifest.xml:30:13-36
132            android:permission="com.google.android.c2dm.permission.SEND" >
132-->[:firebase_messaging] AndroidManifest.xml:31:13-73
133            <intent-filter>
133-->[:firebase_messaging] AndroidManifest.xml:32:13-34:29
134                <action android:name="com.google.android.c2dm.intent.RECEIVE" />
134-->[:firebase_messaging] AndroidManifest.xml:33:17-81
134-->[:firebase_messaging] AndroidManifest.xml:33:25-78
135            </intent-filter>
136        </receiver>
137
138        <service
138-->[:firebase_messaging] AndroidManifest.xml:37:9-41:19
139            android:name="com.google.firebase.components.ComponentDiscoveryService"
139-->[:firebase_messaging] AndroidManifest.xml:37:18-89
140            android:directBootAware="true"
140-->[com.google.firebase:firebase-common:20.3.3] AndroidManifest.xml:34:13-43
141            android:exported="false" >
141-->[com.google.firebase:firebase-analytics-ktx:21.3.0] AndroidManifest.xml:10:13-37
142            <meta-data
142-->[:firebase_messaging] AndroidManifest.xml:38:13-40:85
143                android:name="com.google.firebase.components:io.flutter.plugins.firebase.messaging.FlutterFirebaseAppRegistrar"
143-->[:firebase_messaging] AndroidManifest.xml:39:17-128
144                android:value="com.google.firebase.components.ComponentRegistrar" />
144-->[:firebase_messaging] AndroidManifest.xml:40:17-82
145            <meta-data
145-->[:firebase_dynamic_links] AndroidManifest.xml:13:13-15:85
146                android:name="com.google.firebase.components:io.flutter.plugins.firebase.dynamiclinks.FlutterFirebaseAppRegistrar"
146-->[:firebase_dynamic_links] AndroidManifest.xml:14:17-131
147                android:value="com.google.firebase.components.ComponentRegistrar" />
147-->[:firebase_dynamic_links] AndroidManifest.xml:15:17-82
148            <meta-data
148-->[:firebase_core] AndroidManifest.xml:11:13-13:85
149                android:name="com.google.firebase.components:io.flutter.plugins.firebase.core.FlutterFirebaseCoreRegistrar"
149-->[:firebase_core] AndroidManifest.xml:12:17-124
150                android:value="com.google.firebase.components.ComponentRegistrar" />
150-->[:firebase_core] AndroidManifest.xml:13:17-82
151            <meta-data
151-->[com.google.firebase:firebase-analytics-ktx:21.3.0] AndroidManifest.xml:11:13-13:85
152                android:name="com.google.firebase.components:com.google.firebase.analytics.ktx.FirebaseAnalyticsKtxRegistrar"
152-->[com.google.firebase:firebase-analytics-ktx:21.3.0] AndroidManifest.xml:12:17-126
153                android:value="com.google.firebase.components.ComponentRegistrar" />
153-->[com.google.firebase:firebase-analytics-ktx:21.3.0] AndroidManifest.xml:13:17-82
154            <meta-data
154-->[com.google.firebase:firebase-common-ktx:20.3.3] AndroidManifest.xml:14:13-16:85
155                android:name="com.google.firebase.components:com.google.firebase.ktx.FirebaseCommonKtxRegistrar"
155-->[com.google.firebase:firebase-common-ktx:20.3.3] AndroidManifest.xml:15:17-113
156                android:value="com.google.firebase.components.ComponentRegistrar" />
156-->[com.google.firebase:firebase-common-ktx:20.3.3] AndroidManifest.xml:16:17-82
157            <meta-data
157-->[com.google.firebase:firebase-iid:21.1.0] AndroidManifest.xml:32:13-34:85
158                android:name="com.google.firebase.components:com.google.firebase.iid.Registrar"
158-->[com.google.firebase:firebase-iid:21.1.0] AndroidManifest.xml:33:17-96
159                android:value="com.google.firebase.components.ComponentRegistrar" />
159-->[com.google.firebase:firebase-iid:21.1.0] AndroidManifest.xml:34:17-82
160            <meta-data
160-->[com.google.firebase:firebase-messaging:23.2.1] AndroidManifest.xml:53:13-55:85
161                android:name="com.google.firebase.components:com.google.firebase.messaging.FirebaseMessagingRegistrar"
161-->[com.google.firebase:firebase-messaging:23.2.1] AndroidManifest.xml:54:17-119
162                android:value="com.google.firebase.components.ComponentRegistrar" />
162-->[com.google.firebase:firebase-messaging:23.2.1] AndroidManifest.xml:55:17-82
163            <meta-data
163-->[com.google.firebase:firebase-dynamic-links:21.1.0] AndroidManifest.xml:26:13-28:85
164                android:name="com.google.firebase.components:com.google.firebase.dynamiclinks.internal.FirebaseDynamicLinkRegistrar"
164-->[com.google.firebase:firebase-dynamic-links:21.1.0] AndroidManifest.xml:27:17-133
165                android:value="com.google.firebase.components.ComponentRegistrar" />
165-->[com.google.firebase:firebase-dynamic-links:21.1.0] AndroidManifest.xml:28:17-82
166            <meta-data
166-->[com.google.android.gms:play-services-measurement-api:21.3.0] AndroidManifest.xml:31:13-33:85
167                android:name="com.google.firebase.components:com.google.firebase.analytics.connector.internal.AnalyticsConnectorRegistrar"
167-->[com.google.android.gms:play-services-measurement-api:21.3.0] AndroidManifest.xml:32:17-139
168                android:value="com.google.firebase.components.ComponentRegistrar" />
168-->[com.google.android.gms:play-services-measurement-api:21.3.0] AndroidManifest.xml:33:17-82
169            <meta-data
169-->[com.google.firebase:firebase-installations:17.1.4] AndroidManifest.xml:15:13-17:85
170                android:name="com.google.firebase.components:com.google.firebase.installations.FirebaseInstallationsRegistrar"
170-->[com.google.firebase:firebase-installations:17.1.4] AndroidManifest.xml:16:17-127
171                android:value="com.google.firebase.components.ComponentRegistrar" />
171-->[com.google.firebase:firebase-installations:17.1.4] AndroidManifest.xml:17:17-82
172            <meta-data
172-->[com.google.firebase:firebase-datatransport:18.1.7] AndroidManifest.xml:27:13-29:85
173                android:name="com.google.firebase.components:com.google.firebase.datatransport.TransportRegistrar"
173-->[com.google.firebase:firebase-datatransport:18.1.7] AndroidManifest.xml:28:17-115
174                android:value="com.google.firebase.components.ComponentRegistrar" />
174-->[com.google.firebase:firebase-datatransport:18.1.7] AndroidManifest.xml:29:17-82
175        </service>
176
177        <provider
177-->[:firebase_messaging] AndroidManifest.xml:43:9-47:38
178            android:name="io.flutter.plugins.firebase.messaging.FlutterFirebaseMessagingInitProvider"
178-->[:firebase_messaging] AndroidManifest.xml:44:13-102
179            android:authorities="com.pds.app.flutterfirebasemessaginginitprovider"
179-->[:firebase_messaging] AndroidManifest.xml:45:13-88
180            android:exported="false"
180-->[:firebase_messaging] AndroidManifest.xml:46:13-37
181            android:initOrder="99" />
181-->[:firebase_messaging] AndroidManifest.xml:47:13-35
182        <!--
183           Declares a provider which allows us to store files to share in
184           '.../caches/share_plus' and grant the receiving action access
185        -->
186        <provider
186-->[:share_plus] AndroidManifest.xml:15:9-23:20
187            android:name="dev.fluttercommunity.plus.share.ShareFileProvider"
187-->[:share_plus] AndroidManifest.xml:16:13-77
188            android:authorities="com.pds.app.flutter.share_provider"
188-->[:share_plus] AndroidManifest.xml:17:13-74
189            android:exported="false"
189-->[:share_plus] AndroidManifest.xml:18:13-37
190            android:grantUriPermissions="true" >
190-->[:share_plus] AndroidManifest.xml:19:13-47
191            <meta-data
191-->[:share_plus] AndroidManifest.xml:20:13-22:68
192                android:name="android.support.FILE_PROVIDER_PATHS"
192-->[:share_plus] AndroidManifest.xml:21:17-67
193                android:resource="@xml/flutter_share_file_paths" />
193-->[:share_plus] AndroidManifest.xml:22:17-65
194        </provider>
195        <!--
196           This manifest declared broadcast receiver allows us to use an explicit
197           Intent when creating a PendingItent to be informed of the user's choice
198        -->
199        <receiver
199-->[:share_plus] AndroidManifest.xml:28:9-34:20
200            android:name="dev.fluttercommunity.plus.share.SharePlusPendingIntent"
200-->[:share_plus] AndroidManifest.xml:29:13-82
201            android:exported="false" >
201-->[:share_plus] AndroidManifest.xml:30:13-37
202            <intent-filter>
202-->[:share_plus] AndroidManifest.xml:31:13-33:29
203                <action android:name="EXTRA_CHOSEN_COMPONENT" />
203-->[:share_plus] AndroidManifest.xml:32:17-65
203-->[:share_plus] AndroidManifest.xml:32:25-62
204            </intent-filter>
205        </receiver>
206
207        <provider
207-->[:image_picker_android] AndroidManifest.xml:10:9-18:20
208            android:name="io.flutter.plugins.imagepicker.ImagePickerFileProvider"
208-->[:image_picker_android] AndroidManifest.xml:11:13-82
209            android:authorities="com.pds.app.flutter.image_provider"
209-->[:image_picker_android] AndroidManifest.xml:12:13-74
210            android:exported="false"
210-->[:image_picker_android] AndroidManifest.xml:13:13-37
211            android:grantUriPermissions="true" >
211-->[:image_picker_android] AndroidManifest.xml:14:13-47
212            <meta-data
212-->[:share_plus] AndroidManifest.xml:20:13-22:68
213                android:name="android.support.FILE_PROVIDER_PATHS"
213-->[:share_plus] AndroidManifest.xml:21:17-67
214                android:resource="@xml/flutter_image_picker_file_paths" />
214-->[:share_plus] AndroidManifest.xml:22:17-65
215        </provider>
216
217        <activity
217-->[:url_launcher_android] AndroidManifest.xml:10:9-13:74
218            android:name="io.flutter.plugins.urllauncher.WebViewActivity"
218-->[:url_launcher_android] AndroidManifest.xml:11:13-74
219            android:exported="false"
219-->[:url_launcher_android] AndroidManifest.xml:12:13-37
220            android:theme="@android:style/Theme.NoTitleBar.Fullscreen" />
220-->[:url_launcher_android] AndroidManifest.xml:13:13-71
221        <activity
221-->[com.google.android.gms:play-services-auth:20.4.0] AndroidManifest.xml:23:9-27:75
222            android:name="com.google.android.gms.auth.api.signin.internal.SignInHubActivity"
222-->[com.google.android.gms:play-services-auth:20.4.0] AndroidManifest.xml:24:13-93
223            android:excludeFromRecents="true"
223-->[com.google.android.gms:play-services-auth:20.4.0] AndroidManifest.xml:25:13-46
224            android:exported="false"
224-->[com.google.android.gms:play-services-auth:20.4.0] AndroidManifest.xml:26:13-37
225            android:theme="@android:style/Theme.Translucent.NoTitleBar" />
225-->[com.google.android.gms:play-services-auth:20.4.0] AndroidManifest.xml:27:13-72
226        <!--
227            Service handling Google Sign-In user revocation. For apps that do not integrate with
228            Google Sign-In, this service will never be started.
229        -->
230        <service
230-->[com.google.android.gms:play-services-auth:20.4.0] AndroidManifest.xml:33:9-37:51
231            android:name="com.google.android.gms.auth.api.signin.RevocationBoundService"
231-->[com.google.android.gms:play-services-auth:20.4.0] AndroidManifest.xml:34:13-89
232            android:exported="true"
232-->[com.google.android.gms:play-services-auth:20.4.0] AndroidManifest.xml:35:13-36
233            android:permission="com.google.android.gms.auth.api.signin.permission.REVOCATION_NOTIFICATION"
233-->[com.google.android.gms:play-services-auth:20.4.0] AndroidManifest.xml:36:13-107
234            android:visibleToInstantApps="true" />
234-->[com.google.android.gms:play-services-auth:20.4.0] AndroidManifest.xml:37:13-48
235
236        <receiver
236-->[com.google.firebase:firebase-messaging:23.2.1] AndroidManifest.xml:29:9-36:20
237            android:name="com.google.firebase.iid.FirebaseInstanceIdReceiver"
237-->[com.google.firebase:firebase-messaging:23.2.1] AndroidManifest.xml:30:13-78
238            android:exported="true"
238-->[com.google.firebase:firebase-messaging:23.2.1] AndroidManifest.xml:31:13-36
239            android:permission="com.google.android.c2dm.permission.SEND" >
239-->[com.google.firebase:firebase-messaging:23.2.1] AndroidManifest.xml:32:13-73
240            <intent-filter>
240-->[:firebase_messaging] AndroidManifest.xml:32:13-34:29
241                <action android:name="com.google.android.c2dm.intent.RECEIVE" />
241-->[:firebase_messaging] AndroidManifest.xml:33:17-81
241-->[:firebase_messaging] AndroidManifest.xml:33:25-78
242            </intent-filter>
243        </receiver>
244        <!--
245             FirebaseMessagingService performs security checks at runtime,
246             but set to not exported to explicitly avoid allowing another app to call it.
247        -->
248        <service
248-->[com.google.firebase:firebase-messaging:23.2.1] AndroidManifest.xml:42:9-49:19
249            android:name="com.google.firebase.messaging.FirebaseMessagingService"
249-->[com.google.firebase:firebase-messaging:23.2.1] AndroidManifest.xml:43:13-82
250            android:directBootAware="true"
250-->[com.google.firebase:firebase-messaging:23.2.1] AndroidManifest.xml:44:13-43
251            android:exported="false" >
251-->[com.google.firebase:firebase-messaging:23.2.1] AndroidManifest.xml:45:13-37
252            <intent-filter android:priority="-500" >
252-->[:firebase_messaging] AndroidManifest.xml:23:13-25:29
253                <action android:name="com.google.firebase.MESSAGING_EVENT" />
253-->[:firebase_messaging] AndroidManifest.xml:24:17-78
253-->[:firebase_messaging] AndroidManifest.xml:24:25-75
254            </intent-filter>
255        </service>
256
257        <provider
257-->[com.google.firebase:firebase-common:20.3.3] AndroidManifest.xml:25:9-30:39
258            android:name="com.google.firebase.provider.FirebaseInitProvider"
258-->[com.google.firebase:firebase-common:20.3.3] AndroidManifest.xml:26:13-77
259            android:authorities="com.pds.app.firebaseinitprovider"
259-->[com.google.firebase:firebase-common:20.3.3] AndroidManifest.xml:27:13-72
260            android:directBootAware="true"
260-->[com.google.firebase:firebase-common:20.3.3] AndroidManifest.xml:28:13-43
261            android:exported="false"
261-->[com.google.firebase:firebase-common:20.3.3] AndroidManifest.xml:29:13-37
262            android:initOrder="100" />
262-->[com.google.firebase:firebase-common:20.3.3] AndroidManifest.xml:30:13-36
263
264        <activity
264-->[com.google.android.gms:play-services-base:18.0.1] AndroidManifest.xml:20:9-22:45
265            android:name="com.google.android.gms.common.api.GoogleApiActivity"
265-->[com.google.android.gms:play-services-base:18.0.1] AndroidManifest.xml:20:19-85
266            android:exported="false"
266-->[com.google.android.gms:play-services-base:18.0.1] AndroidManifest.xml:22:19-43
267            android:theme="@android:style/Theme.Translucent.NoTitleBar" />
267-->[com.google.android.gms:play-services-base:18.0.1] AndroidManifest.xml:21:19-78
268
269        <receiver
269-->[com.google.android.gms:play-services-measurement:21.3.0] AndroidManifest.xml:29:9-33:20
270            android:name="com.google.android.gms.measurement.AppMeasurementReceiver"
270-->[com.google.android.gms:play-services-measurement:21.3.0] AndroidManifest.xml:30:13-85
271            android:enabled="true"
271-->[com.google.android.gms:play-services-measurement:21.3.0] AndroidManifest.xml:31:13-35
272            android:exported="false" >
272-->[com.google.android.gms:play-services-measurement:21.3.0] AndroidManifest.xml:32:13-37
273        </receiver>
274
275        <service
275-->[com.google.android.gms:play-services-measurement:21.3.0] AndroidManifest.xml:35:9-38:40
276            android:name="com.google.android.gms.measurement.AppMeasurementService"
276-->[com.google.android.gms:play-services-measurement:21.3.0] AndroidManifest.xml:36:13-84
277            android:enabled="true"
277-->[com.google.android.gms:play-services-measurement:21.3.0] AndroidManifest.xml:37:13-35
278            android:exported="false" />
278-->[com.google.android.gms:play-services-measurement:21.3.0] AndroidManifest.xml:38:13-37
279        <service
279-->[com.google.android.gms:play-services-measurement:21.3.0] AndroidManifest.xml:39:9-43:72
280            android:name="com.google.android.gms.measurement.AppMeasurementJobService"
280-->[com.google.android.gms:play-services-measurement:21.3.0] AndroidManifest.xml:40:13-87
281            android:enabled="true"
281-->[com.google.android.gms:play-services-measurement:21.3.0] AndroidManifest.xml:41:13-35
282            android:exported="false"
282-->[com.google.android.gms:play-services-measurement:21.3.0] AndroidManifest.xml:42:13-37
283            android:permission="android.permission.BIND_JOB_SERVICE" />
283-->[com.google.android.gms:play-services-measurement:21.3.0] AndroidManifest.xml:43:13-69
284
285        <meta-data
285-->[com.google.android.gms:play-services-basement:18.1.0] AndroidManifest.xml:21:9-23:69
286            android:name="com.google.android.gms.version"
286-->[com.google.android.gms:play-services-basement:18.1.0] AndroidManifest.xml:22:13-58
287            android:value="@integer/google_play_services_version" />
287-->[com.google.android.gms:play-services-basement:18.1.0] AndroidManifest.xml:23:13-66
288
289        <provider
289-->[androidx.work:work-runtime:2.7.1] AndroidManifest.xml:31:9-39:20
290            android:name="androidx.startup.InitializationProvider"
290-->[androidx.work:work-runtime:2.7.1] AndroidManifest.xml:32:13-67
291            android:authorities="com.pds.app.androidx-startup"
291-->[androidx.work:work-runtime:2.7.1] AndroidManifest.xml:33:13-68
292            android:exported="false" >
292-->[androidx.work:work-runtime:2.7.1] AndroidManifest.xml:34:13-37
293            <meta-data
293-->[androidx.work:work-runtime:2.7.1] AndroidManifest.xml:36:13-38:52
294                android:name="androidx.work.WorkManagerInitializer"
294-->[androidx.work:work-runtime:2.7.1] AndroidManifest.xml:37:17-68
295                android:value="androidx.startup" />
295-->[androidx.work:work-runtime:2.7.1] AndroidManifest.xml:38:17-49
296            <meta-data
296-->[androidx.profileinstaller:profileinstaller:1.3.0] AndroidManifest.xml:29:13-31:52
297                android:name="androidx.profileinstaller.ProfileInstallerInitializer"
297-->[androidx.profileinstaller:profileinstaller:1.3.0] AndroidManifest.xml:30:17-85
298                android:value="androidx.startup" />
298-->[androidx.profileinstaller:profileinstaller:1.3.0] AndroidManifest.xml:31:17-49
299        </provider>
300
301        <service
301-->[androidx.work:work-runtime:2.7.1] AndroidManifest.xml:41:9-46:35
302            android:name="androidx.work.impl.background.systemalarm.SystemAlarmService"
302-->[androidx.work:work-runtime:2.7.1] AndroidManifest.xml:42:13-88
303            android:directBootAware="false"
303-->[androidx.work:work-runtime:2.7.1] AndroidManifest.xml:43:13-44
304            android:enabled="@bool/enable_system_alarm_service_default"
304-->[androidx.work:work-runtime:2.7.1] AndroidManifest.xml:44:13-72
305            android:exported="false" />
305-->[androidx.work:work-runtime:2.7.1] AndroidManifest.xml:45:13-37
306        <service
306-->[androidx.work:work-runtime:2.7.1] AndroidManifest.xml:47:9-53:35
307            android:name="androidx.work.impl.background.systemjob.SystemJobService"
307-->[androidx.work:work-runtime:2.7.1] AndroidManifest.xml:48:13-84
308            android:directBootAware="false"
308-->[androidx.work:work-runtime:2.7.1] AndroidManifest.xml:49:13-44
309            android:enabled="@bool/enable_system_job_service_default"
309-->[androidx.work:work-runtime:2.7.1] AndroidManifest.xml:50:13-70
310            android:exported="true"
310-->[androidx.work:work-runtime:2.7.1] AndroidManifest.xml:51:13-36
311            android:permission="android.permission.BIND_JOB_SERVICE" />
311-->[androidx.work:work-runtime:2.7.1] AndroidManifest.xml:52:13-69
312        <service
312-->[androidx.work:work-runtime:2.7.1] AndroidManifest.xml:54:9-59:35